=== cmjievhzg0002fvwam16i6ter ===
[extractor] Running on evidence: cmjievhzg0002fvwam16i6ter
[extractor] Cleaned content for https://porezna-uprava.gov.hr/hr/izmjena-i-dopuna-pravilnika-o-porezu-na-dodanu-vrijednost-8156/8156: 198958 → 1738 chars (99% reduction, 1 news items found)
[extractor] Result: {
  "success": true,
  "output": {
    "evidence_id": "cmjievhzg0002fvwam16i6ter",
    "extractions": [],
    "extraction_metadata": {
      "total_extractions": 0,
      "by_domain": {},
      "low_confidence_count": 0,
      "processing_notes": "No extractable data found. The provided text contains a date (11.12.2025) and various navigation links, but no explicit regulatory thresholds, rates, or deadlines with sufficient context for extraction without inference."
    }
  },
  "sourcePointerIds": [],
  "error": null
}
=== cmjietbw7000i8jwa73zgawhm ===
[extractor] Running on evidence: cmjietbw7000i8jwa73zgawhm
[extractor] Cleaned content for https://porezna-uprava.gov.hr/hr/izmjena-i-dopuna-pravilnika-o-porezu-na-dodanu-vrijednost-8156/8156: 198958 → 1738 chars (99% reduction, 1 news items found)
[extractor] Result: {
  "success": true,
  "output": {
    "evidence_id": "cmjietbw7000i8jwa73zgawhm",
    "extractions": [
      {
        "id": "ext-1",
        "domain": "rokovi",
        "value_type": "date",
        "extracted_value": "2025-12-11",
        "display_value": "11.12.2025.",
        "exact_quote": "11.12.2025.",
        "context_before": null,
        "context_after": "</div> <div class=\"article_print\"> <a onclick=\"printContent('predlozak')\"><span class=\"print_icon_bottom\">Ispiši stranicu</span></a>",
        "selector": "//article/div[1]/text()[1]",
        "article_number": null,
        "paragraph_number": null,
        "law_reference": null,
        "confidence": 0.8,
        "extraction_notes": "Standalone date found at the beginning of the content snippet. While likely a publication or effective date given the source URL context, it lacks an explicit label in the provided text."
      }
    ],
    "extraction_metadata": {
      "total_extractions": 1,
      "by_domain": {
        "rokovi": 1
      },
      "low_confidence_count": 0,
      "processing_notes": "The provided HTML content is primarily boilerplate (footer and search overlay). Only one standalone date was identified as potentially relevant data."
    }
  },
  "sourcePointerIds": [
    "cmjig0fzj0001fowa3t0wcax7"
  ],
  "error": null
}
=== cmjieszfr00008jwapf913uft ===
[extractor] Running on evidence: cmjieszfr00008jwapf913uft
[extractor] Cleaned content for https://hzzo.hr/novosti/hzzo/hzzo-nastavlja-financirati-rad-pod-nadzorom-doktora-medicine-bez-specijalizacije-0: 101413 → 56350 chars (44% reduction, 0 news items found)
[runner] Retry 1/3 in 1s...
[runner] Retry 2/3 in 2s...
