[releaser] Finding approved rules not yet released...
[releaser] Found 2 approved rules ready for release

Rules by risk tier:
  T0: 2 rules

[releaser] Creating release bundle...

[releaser] ✓ Release created successfully!
  Release ID: cmjigw63m0001odwatc7584ow
  Version: 1.2.0
  Release Type: minor
  Rules Published: 2
  Effective From: 2024-06-01
  Content Hash: 7f83b1657ff1fc53b92dc18148a1d65dfc2d4b1fa3d677284addd200126d9069

Audit Trail:
  Evidence Sources: 5
  Source Pointers: 2
  Reviews: 4
  Human Approvals: 2

Changelog (Croatian):
────────────────────────────────────────────────────────────────────────────────
Ažuriran prag za porez na dohodak i dodana nova osnovica osobnog odbitka sukladno novim zakonskim odredbama.
────────────────────────────────────────────────────────────────────────────────

Changelog (English):
────────────────────────────────────────────────────────────────────────────────
Updated income tax threshold and added new personal deduction base in accordance with new legal provisions.
────────────────────────────────────────────────────────────────────────────────

Rules included:
  - [UPDATE] income-tax-threshold-t1 (cmjg0bkdz00019fwa4xgr92ic)
    Supersedes: cmjg0bkdz00009fwa4xgr92ia
  - [ADD] personal-deduction-base-t1 (cmjg23gga0011j1warhmderru)
