[reviewer] Running on rules needing review...
[reviewer] Found 26 rules needing review

[reviewer] Processing: upravna-pristojba-zalba-rjesenje (T2, 0 sources)
[reviewer] Title: Upravna pristojba na žalbu protiv rješenja
[reviewer] ⚠ ESCALATE_HUMAN (confidence: 0.90)
[reviewer]   Reason: Confidence level (0.9) is below the auto-approval threshold (0.95) for T2 rules.

[reviewer] Processing: nacionalna-naknada-za-starije-osobe-iznos (T1, 0 sources)
[reviewer] Title: Iznos nacionalne naknade za starije osobe
[reviewer] ⚠ ESCALATE_HUMAN (confidence: 1.00)
[reviewer]   Reason: Rule is categorized as T1 risk tier, which requires expedited human review per the authority matrix.

[reviewer] Processing: eu-directive-2019-1023-insolvency (T1, 0 sources)
[reviewer] Title: Direktiva (EU) 2019/1023 o restrukturiranju i nesolventnosti
[reviewer] ⚠ ESCALATE_HUMAN (confidence: 1.00)
[reviewer]   Reason: T1 rules require human approval per authority matrix, even with high confidence.

[reviewer] Processing: e-invoicing-public-procurement-requirement (T1, 0 sources)
[reviewer] Title: Obveza elektroničkog izdavanja računa u javnoj nabavi
[reviewer] ⚠ ESCALATE_HUMAN (confidence: 0.95)
[reviewer]   Reason: Rule is categorized as Risk Tier T1, which requires human approval per the Authority Matrix. Additionally, confidence (0.95) is below the 0.98 threshold for expedited review of T1 rules.

[reviewer] Processing: vat-invoicing-directive-reference (T2, 0 sources)
[reviewer] Title: Referenca na Direktivu o PDV računima
[reviewer] ⚠ ESCALATE_HUMAN (confidence: 0.90)
[reviewer]   Reason: Confidence score (0.9) is below the auto-approval threshold (0.95) for T2 rules.

[reviewer] Processing: eu-validator-version (T2, 0 sources)
[reviewer] Title: Verzija EU validatora za obrasce
[reviewer] ⚠ ESCALATE_HUMAN (confidence: 0.90)
[reviewer]   Reason: Confidence level (0.9) is below the auto-approval threshold (0.95) for T2 rules.

[reviewer] Processing: income-tax-year-2026 (T1, 0 sources)
[reviewer] Title: Porezna godina za porez na dohodak (2026.)
[reviewer] ⚠ ESCALATE_HUMAN (confidence: 0.60)
[reviewer]   Reason: Confidence score 0.6 is below the 0.9 threshold for T1 rules and triggers escalation according to the authority matrix.

[reviewer] Processing: fiskalizacija-2-0-primjena (T0, 0 sources)
[reviewer] Title: Datum početka primjene Fiskalizacije 2.0
[reviewer] ⚠ ESCALATE_HUMAN (confidence: 1.00)
[reviewer]   Reason: Rule is categorized as Risk Tier T0, which requires mandatory human approval per the Authority Matrix.

[reviewer] Processing: pdv-solarne-ploce-nulta-stopa (T0, 0 sources)
[reviewer] Title: Nulta stopa PDV-a na solarne ploče
[reviewer] ⚠ ESCALATE_HUMAN (confidence: 1.00)
[reviewer]   Reason: Rule is classified as Risk Tier T0, which requires mandatory human approval per the Authority Matrix regardless of confidence level.

[reviewer] Processing: nacionalna-naknada-starije-osobe-iznos (T1, 0 sources)
[reviewer] Title: Iznos i uvjeti nacionalne naknade za starije osobe (2025)
[reviewer] ⚠ ESCALATE_HUMAN (confidence: 0.85)
[reviewer]   Reason: Rule is Tier T1 which requires human review; Confidence score is below 0.9; Logic in AppliesWhen is incomplete compared to source evidence.

[reviewer] Processing: exchange-rate-eur-pln (T0, 0 sources)
[reviewer] Title: Tečaj EUR/PLN za 2025-12-22
[reviewer] ⚠ ESCALATE_HUMAN (confidence: 1.00)
[reviewer]   Reason: Rule is classified as Risk Tier T0, which requires mandatory human approval per the Authority Matrix.

[reviewer] Processing: exchange-rate-eur-bam (T0, 0 sources)
[reviewer] Title: Tečaj EUR/BAM za 2025-12-22
[reviewer] ⚠ ESCALATE_HUMAN (confidence: 0.80)
[reviewer]   Reason: The rule is classified as Risk Tier T0, which always requires human approval. Additionally, the confidence score is below 0.9 and there is a character-level mismatch in the value field.

[reviewer] Processing: exchange-rate-eur-usd (T0, 0 sources)
[reviewer] Title: Tečaj EUR/USD za 2025-12-22
[reviewer] ⚠ ESCALATE_HUMAN (confidence: 0.50)
[reviewer]   Reason: Rule is designated as T0 risk tier and the confidence score is below the 0.9 threshold.

[reviewer] Processing: exchange-rate-eur-gbp (T0, 0 sources)
[reviewer] Title: Tečaj EUR/GBP za 2025-12-22
[reviewer] ⚠ ESCALATE_HUMAN (confidence: 1.00)
[reviewer]   Reason: Rule is classified as Risk Tier T0, which requires mandatory human approval per the Authority Matrix.

[reviewer] Processing: exchange-rate-eur-chf (T0, 0 sources)
[reviewer] Title: Tečaj EUR/CHF za 2025-12-22
[reviewer] ⚠ ESCALATE_HUMAN (confidence: 1.00)
[reviewer]   Reason: Rule is categorized as Risk Tier T0, which requires mandatory human approval regardless of confidence level.

[reviewer] Processing: exchange-rate-eur-sek (T0, 0 sources)
[reviewer] Title: Tečaj EUR/SEK za 2025-12-22
[reviewer] ⚠ ESCALATE_HUMAN (confidence: 1.00)
[reviewer]   Reason: Risk tier T0 rules always require human approval per the Authority Matrix.

[reviewer] Processing: exchange-rate-eur-nok (T0, 0 sources)
[reviewer] Title: Tečaj EUR/NOK za 2025-12-22
[reviewer] ⚠ ESCALATE_HUMAN (confidence: 1.00)
[reviewer]   Reason: Rule is classified as Risk Tier T0, which requires mandatory human approval per the Authority Matrix.

[reviewer] Processing: exchange-rate-eur-jpy (T0, 0 sources)
[reviewer] Title: Tečaj EUR/JPY za 2025-12-22
[reviewer] ⚠ ESCALATE_HUMAN (confidence: 1.00)
[reviewer]   Reason: Rule is categorized as Risk Tier T0, which requires mandatory human approval regardless of confidence level.

[reviewer] Processing: exchange-rate-eur-huf (T0, 0 sources)
[reviewer] Title: Tečaj EUR/HUF za 2025-12-22
[reviewer] ⚠ ESCALATE_HUMAN (confidence: 0.50)
[reviewer]   Reason: Rule is classified as Risk Tier T0, which requires mandatory human approval. Additionally, significant validation issues were identified.

[reviewer] Processing: exchange-rate-eur-dkk (T0, 0 sources)
[reviewer] Title: Tečaj EUR/DKK za 2025-12-22
[reviewer] ⚠ ESCALATE_HUMAN (confidence: 1.00)
[reviewer]   Reason: T0 rules ALWAYS require human approval per the Authority Matrix.

[reviewer] Processing: exchange-rate-eur-czk (T0, 0 sources)
[reviewer] Title: Tečaj EUR/CZK za 2025-12-22
[reviewer] ⚠ ESCALATE_HUMAN (confidence: 1.00)
[reviewer]   Reason: T0 rules always require human approval per Authority Matrix.

[reviewer] Processing: exchange-rate-eur-cad (T0, 0 sources)
[reviewer] Title: Tečaj EUR/CAD za 2025-12-22
[reviewer] ⚠ ESCALATE_HUMAN (confidence: 1.00)
[reviewer]   Reason: Rule is classified as Risk Tier T0, which requires mandatory human approval regardless of confidence score.

[reviewer] Processing: exchange-rate-eur-aud (T0, 0 sources)
[reviewer] Title: Tečaj EUR/AUD za 2025-12-22
[reviewer] ⚠ ESCALATE_HUMAN (confidence: 1.00)
[reviewer]   Reason: Rule is classified as Risk Tier T0, which requires mandatory human approval per the Authority Matrix.

[reviewer] Processing: payment-slip-currency-change (T0, 0 sources)
[reviewer] Title: Promjena valute na Potvrdi o plaći
[reviewer] ⚠ ESCALATE_HUMAN (confidence: 1.00)
[reviewer]   Reason: Rule is classified as Risk Tier T0, which requires mandatory human approval per the authority matrix.

[reviewer] Processing: fiskalizacija-datum-primjene (T0, 0 sources)
[reviewer] Title: Datum primjene propisa o fiskalizaciji
[reviewer] ⚠ ESCALATE_HUMAN (confidence: 0.50)
[reviewer]   Reason: T0 rules always require human approval. Additionally, the rule lacks mandatory source pointers for validation.

[reviewer] Processing: payment-service-provider-obligations-start-date (T0, 0 sources)
[reviewer] Title: Početak obveza pružatelja platnih usluga
[reviewer] ⚠ ESCALATE_HUMAN (confidence: 1.00)
[reviewer]   Reason: T0 rules always require human approval per authority matrix.

[reviewer] Complete: 0 approved, 0 rejected, 26 escalated, 0 failed
