[sentinel] Running discovery agent...
[sentinel] Filtering to CRITICAL priority endpoints
[sentinel] Found 11 active endpoints
[sentinel] Checking: https://porezna-uprava.gov.hr/hr/vijesti/8
[sentinel] Item already pending for https://porezna-uprava.gov.hr/hr/izmjena-i-dopuna-pravilnika-o-porezu-na-dodanu-vrijednost-8156/8156
[sentinel] Discovered 0 new items from Porezna - Vijesti
[sentinel] Checking: https://porezna-uprava.gov.hr/hr/misljenja-su/3951
[sentinel] Item already pending for https://porezna-uprava.gov.hr/Misljenja/Detaljno/2665
[sentinel] Item already pending for https://porezna-uprava.gov.hr/Misljenja/Detaljno/2665
[sentinel] Discovered 0 new items from Porezna - Mišljenja SU
[sentinel] Checking: https://narodne-novine.nn.hr/sitemap.xml
[sentinel] No changes detected for Narodne novine - Main Sitemap
[sentinel] Checking: https://hzzo.hr/novosti
[sentinel] No changes detected for HZZO - Novosti
[sentinel] Checking: https://fina.hr/obavijesti/fina-e-racun
[sentinel] No changes detected for FINA - e-Račun obavijesti
[sentinel] Checking: https://hzzo.hr/pravni-akti
[sentinel] No changes detected for HZZO - Pravni akti
[sentinel] Checking: https://mirovinsko.hr/hr/vijesti/114
[sentinel] No changes detected for HZMO - Vijesti
[sentinel] Checking: https://fina.hr/novosti
[sentinel] No changes detected for FINA - Novosti
[sentinel] Checking: https://mfin.gov.hr/vijesti/8
[sentinel] No changes detected for Ministarstvo financija - Vijesti
[sentinel] Checking: https://mirovinsko.hr/hr/priopcenja-204/204
[sentinel] No changes detected for HZMO - Priopcenja
[sentinel] Checking: https://mirovinsko.hr/hr/propisi/54
[sentinel] No changes detected for HZMO - Propisi
[sentinel] Complete: 11 endpoints, 0 new items

[sentinel] Discovery Results:
  - Success: true
  - Endpoints Checked: 11
  - New Items Discovered: 0

[sentinel] Complete!
