[AggregateError: ] { code: 'ECONNREFUSED' }
[AggregateError: ] { code: 'ECONNREFUSED' }
[AggregateError: ] { code: 'ECONNREFUSED' }
[AggregateError: ] { code: 'ECONNREFUSED' }
[AggregateError: ] { code: 'ECONNREFUSED' }
[AggregateError: ] { code: 'ECONNREFUSED' }
[AggregateError: ] { code: 'ECONNREFUSED' }
[AggregateError: ] { code: 'ECONNREFUSED' }
[AggregateError: ] { code: 'ECONNREFUSED' }
[AggregateError: ] { code: 'ECONNREFUSED' }
[AggregateError: ] { code: 'ECONNREFUSED' }
[AggregateError: ] { code: 'ECONNREFUSED' }
[AggregateError: ] { code: 'ECONNREFUSED' }
[AggregateError: ] { code: 'ECONNREFUSED' }
[AggregateError: ] { code: 'ECONNREFUSED' }
[AggregateError: ] { code: 'ECONNREFUSED' }
[AggregateError: ] { code: 'ECONNREFUSED' }
[AggregateError: ] { code: 'ECONNREFUSED' }
[AggregateError: ] { code: 'ECONNREFUSED' }
[AggregateError: ] { code: 'ECONNREFUSED' }
[AggregateError: ] { code: 'ECONNREFUSED' }
[AggregateError: ] { code: 'ECONNREFUSED' }
[AggregateError: ] { code: 'ECONNREFUSED' }
[AggregateError: ] { code: 'ECONNREFUSED' }
[AggregateError: ] { code: 'ECONNREFUSED' }
[AggregateError: ] { code: 'ECONNREFUSED' }
[AggregateError: ] { code: 'ECONNREFUSED' }
[AggregateError: ] { code: 'ECONNREFUSED' }
[AggregateError: ] { code: 'ECONNREFUSED' }
[AggregateError: ] { code: 'ECONNREFUSED' }
[AggregateError: ] { code: 'ECONNREFUSED' }
[AggregateError: ] { code: 'ECONNREFUSED' }
[AggregateError: ] { code: 'ECONNREFUSED' }
[AggregateError: ] { code: 'ECONNREFUSED' }
[AggregateError: ] { code: 'ECONNREFUSED' }
[AggregateError: ] { code: 'ECONNREFUSED' }
[AggregateError: ] { code: 'ECONNREFUSED' }
[AggregateError: ] { code: 'ECONNREFUSED' }
[AggregateError: ] { code: 'ECONNREFUSED' }
[AggregateError: ] { code: 'ECONNREFUSED' }
[AggregateError: ] { code: 'ECONNREFUSED' }
[AggregateError: ] { code: 'ECONNREFUSED' }
[AggregateError: ] { code: 'ECONNREFUSED' }
[AggregateError: ] { code: 'ECONNREFUSED' }
[AggregateError: ] { code: 'ECONNREFUSED' }
[AggregateError: ] { code: 'ECONNREFUSED' }
[AggregateError: ] { code: 'ECONNREFUSED' }
[AggregateError: ] { code: 'ECONNREFUSED' }
[AggregateError: ] { code: 'ECONNREFUSED' }
[AggregateError: ] { code: 'ECONNREFUSED' }
[AggregateError: ] { code: 'ECONNREFUSED' }
[AggregateError: ] { code: 'ECONNREFUSED' }
[AggregateError: ] { code: 'ECONNREFUSED' }
[AggregateError: ] { code: 'ECONNREFUSED' }
[AggregateError: ] { code: 'ECONNREFUSED' }
[AggregateError: ] { code: 'ECONNREFUSED' }
[AggregateError: ] { code: 'ECONNREFUSED' }
[AggregateError: ] { code: 'ECONNREFUSED' }
[AggregateError: ] { code: 'ECONNREFUSED' }
[AggregateError: ] { code: 'ECONNREFUSED' }
[AggregateError: ] { code: 'ECONNREFUSED' }
[AggregateError: ] { code: 'ECONNREFUSED' }
[AggregateError: ] { code: 'ECONNREFUSED' }
[AggregateError: ] { code: 'ECONNREFUSED' }
[AggregateError: ] { code: 'ECONNREFUSED' }
[AggregateError: ] { code: 'ECONNREFUSED' }
[AggregateError: ] { code: 'ECONNREFUSED' }
[AggregateError: ] { code: 'ECONNREFUSED' }
[AggregateError: ] { code: 'ECONNREFUSED' }
[AggregateError: ] { code: 'ECONNREFUSED' }
[AggregateError: ] { code: 'ECONNREFUSED' }
[AggregateError: ] { code: 'ECONNREFUSED' }
[AggregateError: ] { code: 'ECONNREFUSED' }
[AggregateError: ] { code: 'ECONNREFUSED' }
[AggregateError: ] { code: 'ECONNREFUSED' }
[AggregateError: ] { code: 'ECONNREFUSED' }
[AggregateError: ] { code: 'ECONNREFUSED' }
[AggregateError: ] { code: 'ECONNREFUSED' }
[AggregateError: ] { code: 'ECONNREFUSED' }
[AggregateError: ] { code: 'ECONNREFUSED' }
[AggregateError: ] { code: 'ECONNREFUSED' }
[AggregateError: ] { code: 'ECONNREFUSED' }
[AggregateError: ] { code: 'ECONNREFUSED' }
[AggregateError: ] { code: 'ECONNREFUSED' }
[AggregateError: ] { code: 'ECONNREFUSED' }
[AggregateError: ] { code: 'ECONNREFUSED' }
[AggregateError: ] { code: 'ECONNREFUSED' }
[AggregateError: ] { code: 'ECONNREFUSED' }
[AggregateError: ] { code: 'ECONNREFUSED' }
[AggregateError: ] { code: 'ECONNREFUSED' }
[AggregateError: ] { code: 'ECONNREFUSED' }
[AggregateError: ] { code: 'ECONNREFUSED' }
[AggregateError: ] { code: 'ECONNREFUSED' }
[AggregateError: ] { code: 'ECONNREFUSED' }
[AggregateError: ] { code: 'ECONNREFUSED' }
[AggregateError: ] { code: 'ECONNREFUSED' }
[AggregateError: ] { code: 'ECONNREFUSED' }
[AggregateError: ] { code: 'ECONNREFUSED' }
[AggregateError: ] { code: 'ECONNREFUSED' }
[AggregateError: ] { code: 'ECONNREFUSED' }
[AggregateError: ] { code: 'ECONNREFUSED' }
[AggregateError: ] { code: 'ECONNREFUSED' }
[AggregateError: ] { code: 'ECONNREFUSED' }
[AggregateError: ] { code: 'ECONNREFUSED' }
[AggregateError: ] { code: 'ECONNREFUSED' }
[AggregateError: ] { code: 'ECONNREFUSED' }
[AggregateError: ] { code: 'ECONNREFUSED' }
[AggregateError: ] { code: 'ECONNREFUSED' }
[AggregateError: ] { code: 'ECONNREFUSED' }
[AggregateError: ] { code: 'ECONNREFUSED' }
[AggregateError: ] { code: 'ECONNREFUSED' }
[AggregateError: ] { code: 'ECONNREFUSED' }
[AggregateError: ] { code: 'ECONNREFUSED' }
[AggregateError: ] { code: 'ECONNREFUSED' }
[AggregateError: ] { code: 'ECONNREFUSED' }
[AggregateError: ] { code: 'ECONNREFUSED' }
[AggregateError: ] { code: 'ECONNREFUSED' }
[AggregateError: ] { code: 'ECONNREFUSED' }
[AggregateError: ] { code: 'ECONNREFUSED' }
[AggregateError: ] { code: 'ECONNREFUSED' }
[AggregateError: ] { code: 'ECONNREFUSED' }
[AggregateError: ] { code: 'ECONNREFUSED' }
[AggregateError: ] { code: 'ECONNREFUSED' }
[AggregateError: ] { code: 'ECONNREFUSED' }
[AggregateError: ] { code: 'ECONNREFUSED' }
[AggregateError: ] { code: 'ECONNREFUSED' }
[AggregateError: ] { code: 'ECONNREFUSED' }
[AggregateError: ] { code: 'ECONNREFUSED' }
{
  requestId: 'd2f7a1be-6631-419e-9949-42481cd25cad',
  method: 'GET',
  path: '/api/health',
  host: 'localhost:3000',
  userAgent: undefined
} 'Incoming request'
{"level":30,"time":1766444325567,"env":"production","app":"fiskai","requestId":"d2f7a1be-6631-419e-9949-42481cd25cad","path":"/api/health","method":"GET","status":200,"durationMs":18,"msg":"API request completed"}
[AggregateError: ] { code: 'ECONNREFUSED' }
[AggregateError: ] { code: 'ECONNREFUSED' }
[AggregateError: ] { code: 'ECONNREFUSED' }
[AggregateError: ] { code: 'ECONNREFUSED' }
[AggregateError: ] { code: 'ECONNREFUSED' }
[AggregateError: ] { code: 'ECONNREFUSED' }
[AggregateError: ] { code: 'ECONNREFUSED' }
[AggregateError: ] { code: 'ECONNREFUSED' }
[AggregateError: ] { code: 'ECONNREFUSED' }
[AggregateError: ] { code: 'ECONNREFUSED' }
[AggregateError: ] { code: 'ECONNREFUSED' }
[AggregateError: ] { code: 'ECONNREFUSED' }
[AggregateError: ] { code: 'ECONNREFUSED' }
[AggregateError: ] { code: 'ECONNREFUSED' }
[AggregateError: ] { code: 'ECONNREFUSED' }
[AggregateError: ] { code: 'ECONNREFUSED' }
[AggregateError: ] { code: 'ECONNREFUSED' }
[AggregateError: ] { code: 'ECONNREFUSED' }
[AggregateError: ] { code: 'ECONNREFUSED' }
[AggregateError: ] { code: 'ECONNREFUSED' }
[AggregateError: ] { code: 'ECONNREFUSED' }
[AggregateError: ] { code: 'ECONNREFUSED' }
[AggregateError: ] { code: 'ECONNREFUSED' }
[AggregateError: ] { code: 'ECONNREFUSED' }
[AggregateError: ] { code: 'ECONNREFUSED' }
[AggregateError: ] { code: 'ECONNREFUSED' }
[AggregateError: ] { code: 'ECONNREFUSED' }
[AggregateError: ] { code: 'ECONNREFUSED' }
[AggregateError: ] { code: 'ECONNREFUSED' }
[AggregateError: ] { code: 'ECONNREFUSED' }
[AggregateError: ] { code: 'ECONNREFUSED' }
[AggregateError: ] { code: 'ECONNREFUSED' }
[AggregateError: ] { code: 'ECONNREFUSED' }
[AggregateError: ] { code: 'ECONNREFUSED' }
[AggregateError: ] { code: 'ECONNREFUSED' }
[AggregateError: ] { code: 'ECONNREFUSED' }
[AggregateError: ] { code: 'ECONNREFUSED' }
[AggregateError: ] { code: 'ECONNREFUSED' }
[AggregateError: ] { code: 'ECONNREFUSED' }
[AggregateError: ] { code: 'ECONNREFUSED' }
[AggregateError: ] { code: 'ECONNREFUSED' }
[AggregateError: ] { code: 'ECONNREFUSED' }
[AggregateError: ] { code: 'ECONNREFUSED' }
[AggregateError: ] { code: 'ECONNREFUSED' }
[AggregateError: ] { code: 'ECONNREFUSED' }
[AggregateError: ] { code: 'ECONNREFUSED' }
[AggregateError: ] { code: 'ECONNREFUSED' }
[AggregateError: ] { code: 'ECONNREFUSED' }
[AggregateError: ] { code: 'ECONNREFUSED' }
[AggregateError: ] { code: 'ECONNREFUSED' }
[AggregateError: ] { code: 'ECONNREFUSED' }
[AggregateError: ] { code: 'ECONNREFUSED' }
[AggregateError: ] { code: 'ECONNREFUSED' }
[AggregateError: ] { code: 'ECONNREFUSED' }
[AggregateError: ] { code: 'ECONNREFUSED' }
[AggregateError: ] { code: 'ECONNREFUSED' }
[AggregateError: ] { code: 'ECONNREFUSED' }
[AggregateError: ] { code: 'ECONNREFUSED' }
[AggregateError: ] { code: 'ECONNREFUSED' }
[AggregateError: ] { code: 'ECONNREFUSED' }
[AggregateError: ] { code: 'ECONNREFUSED' }
[AggregateError: ] { code: 'ECONNREFUSED' }
[AggregateError: ] { code: 'ECONNREFUSED' }
[AggregateError: ] { code: 'ECONNREFUSED' }
