[extractor] Running on evidence: cmjho9eue0006xewahn51f03y
[extractor] Cleaned content for https://porezna-uprava.gov.hr/Misljenja/Detaljno/2613: 201826 → 82347 chars (59% reduction, 0 news items found)
[runner] Retry 1/3 in 1s...
[extractor] Result: {
  "success": true,
  "output": {
    "evidence_id": "cmjho9eue0006xewahn51f03y",
    "extractions": [
      {
        "id": "ext-1",
        "domain": "obrasci",
        "value_type": "currency",
        "extracted_value": "6.64",
        "display_value": "6,64 €",
        "exact_quote": "na žalbu protiv rješenja plaća upravna pristojba u iznosu od 6,64 eura",
        "context_before": "U nastavku dostavljamo odgovor.",
        "context_after": "Međutim, napomenom uz navedeni tarifni broj propisano je da se pristojba po tom tarifnom broju ne plaća pred tijelima državne uprave, upravnim tijelima jedinica lokalne i područne (regionalne) samouprave i pravnim osobama s javnim ovlastima u obavljanju povjerenih poslova državne uprave.",
        "selector": "xpath=//div[contains(@class, 'vijesti_paragrafi')]//p[contains(text(), '6,64 eura')]",
        "confidence": 1,
        "extraction_notes": "Administrative fee for an appeal as defined in Tariff No. 3 of the Regulation."
      },
      {
        "id": "ext-2",
        "domain": "rokovi",
        "value_type": "date",
        "extracted_value": "2025-07-04",
        "display_value": "04.07.2025.",
        "exact_quote": "Datum: 04.07.2025.",
        "context_before": "Mjesto: Zagreb",
        "context_after": "Zaprimili smo vaš upit o tumačenju Uredbe o Tarifi upravnih pristojbi („Narodne novine“, broj 156/22.; u daljnjem tekstu: Uredba).",
        "selector": "xpath=//div[contains(@class, 'vijesti_paragrafi')]//p[contains(text(), 'Datum:')]",
        "confidence": 1,
        "extraction_notes": "Document issuance date which defines the regulatory context."
      }
    ],
    "extraction_metadata": {
      "total_extractions": 2,
      "by_domain": {
        "obrasci": 1,
        "rokovi": 1
      },
      "low_confidence_count": 0,
      "processing_notes": "Extracted administrative fee and document date. The fee is categorized under 'obrasci' as it pertains to procedural requirements for appeals."
    }
  },
  "sourcePointerIds": [
    "cmjhqdn7s0001x3wajbu7nz4l",
    "cmjhqdn8b0002x3wa283r2hl9"
  ],
  "error": null
}
