[reviewer] Running on rule: cmjhqehsq0001awwadq0kxis2
[reviewer] Rule: upravna-pristojba-zalba-rjesenje (status: DRAFT, tier: T2)
[reviewer] Result: {
  "success": true,
  "output": {
    "review_result": {
      "draft_rule_id": "cmjhqehsq0001awwadq0kxis2",
      "decision": "ESCALATE_HUMAN",
      "validation_checks": {
        "value_matches_source": true,
        "applies_when_correct": true,
        "risk_tier_appropriate": true,
        "dates_correct": true,
        "sources_complete": true,
        "no_conflicts": true,
        "translation_accurate": true
      },
      "computed_confidence": 0.9,
      "issues_found": [],
      "human_review_reason": "Confidence score (0.9) is below the auto-approval threshold (0.95) for T2 rules.",
      "reviewer_notes": "The rule value (6.64) matches the source exactly. The risk tier is appropriate for an administrative fee. However, the confidence level of 0.9 requires human verification as it does not meet the 0.95 threshold for auto-approval of T2 rules."
    }
  },
  "updatedRuleId": "cmjhqehsq0001awwadq0kxis2",
  "error": null
}
